[35m[1mScanning dependencies of target initial_guess_node[0m
[ 50%] [32mBuilding CXX object CMakeFiles/initial_guess_node.dir/src/initial_guess_node.cpp.o[0m
In file included from [01m[K/opt/ros/noetic/include/ros/ros.h:40[m[K,
                 from [01m[K/home/lattinone/Damiano/progetto/src/initial_guess/src/initial_guess_node.cpp:1[m[K:
[01m[K/home/lattinone/Damiano/progetto/src/initial_guess/src/initial_guess_node.cpp:[m[K In function ‘[01m[Kvoid initialPoseCallback(const ConstPtr&)[m[K’:
[01m[K/home/lattinone/Damiano/progetto/src/initial_guess/src/initial_guess_node.cpp:8:14:[m[K [01;35m[Kwarning: [m[Kformat ‘[01m[K%d[m[K’ expects argument of type ‘[01m[Kint[m[K’, but argument 10 has type ‘[01m[Kgeometry_msgs::Pose_<std::allocator<void> >::_orientation_type[m[K’ {aka ‘[01m[Kgeometry_msgs::Quaternion_<std::allocator<void> >[m[K’} [[01;35m[K-Wformat=[m[K]
    8 |     ROS_INFO([01;35m[K"Received initial pose: x=%f, y=%f, theta=%d"[m[K, pose.position.x, pose.position.y, [32m[Kpose.orientation[m[K);
      |              [01;35m[K^~~~~~~~~~~~~~~~~~~~~~~~~~~~~~~~~~~~~~~~~~~~~[m[K                                    [32m[K~~~~~~~~~~~~~~~~[m[K
      |                                                                                                    [32m[K|[m[K
      |                                                                                                    [32m[Kgeometry_msgs::Pose_<std::allocator<void> >::_orientation_type {aka geometry_msgs::Quaternion_<std::allocator<void> >}[m[K
[01m[K/opt/ros/noetic/include/ros/console.h:351:165:[m[K [01;36m[Knote: [m[Kin definition of macro ‘[01m[KROSCONSOLE_PRINT_AT_LOCATION_WITH_FILTER[m[K’
  351 |     ::ros::console::print(filter, __rosconsole_define_location__loc.logger_, __rosconsole_define_location__loc.level_, __FILE__, __LINE__, __ROSCONSOLE_FUNCTION__, [01;36m[K__VA_ARGS__[m[K)
      |                                                                                                                                                                     [01;36m[K^~~~~~~~~~~[m[K
[01m[K/opt/ros/noetic/include/ros/console.h:390:7:[m[K [01;36m[Knote: [m[Kin expansion of macro ‘[01m[KROSCONSOLE_PRINT_AT_LOCATION[m[K’
  390 |       [01;36m[KROSCONSOLE_PRINT_AT_LOCATION[m[K(__VA_ARGS__); \
      |       [01;36m[K^~~~~~~~~~~~~~~~~~~~~~~~~~~~[m[K
[01m[K/opt/ros/noetic/include/ros/console.h:575:35:[m[K [01;36m[Knote: [m[Kin expansion of macro ‘[01m[KROS_LOG_COND[m[K’
  575 | #define ROS_LOG(level, name, ...) [01;36m[KROS_LOG_COND[m[K(true, level, name, __VA_ARGS__)
      |                                   [01;36m[K^~~~~~~~~~~~[m[K
[01m[K/opt/ros/noetic/include/rosconsole/macros_generated.h:110:23:[m[K [01;36m[Knote: [m[Kin expansion of macro ‘[01m[KROS_LOG[m[K’
  110 | #define ROS_INFO(...) [01;36m[KROS_LOG[m[K(::ros::console::levels::Info, ROSCONSOLE_DEFAULT_NAME, __VA_ARGS__)
      |                       [01;36m[K^~~~~~~[m[K
[01m[K/home/lattinone/Damiano/progetto/src/initial_guess/src/initial_guess_node.cpp:8:5:[m[K [01;36m[Knote: [m[Kin expansion of macro ‘[01m[KROS_INFO[m[K’
    8 |     [01;36m[KROS_INFO[m[K("Received initial pose: x=%f, y=%f, theta=%d", pose.position.x, pose.position.y, pose.orientation);
      |     [01;36m[K^~~~~~~~[m[K
[01m[K/home/lattinone/Damiano/progetto/src/initial_guess/src/initial_guess_node.cpp:8:57:[m[K [01;36m[Knote: [m[Kformat string is defined here
    8 |     ROS_INFO("Received initial pose: x=%f, y=%f, theta=[01;36m[K%d[m[K", pose.position.x, pose.position.y, pose.orientation);
      |                                                        [01;36m[K~^[m[K
      |                                                         [01;36m[K|[m[K
      |                                                         [01;36m[Kint[m[K
[100%] [32m[1mLinking CXX executable /home/lattinone/Damiano/progetto/devel/.private/initial_guess/lib/initial_guess/initial_guess_node[0m
[100%] Built target initial_guess_node
