In file included from [01m[K/opt/ros/noetic/include/ros/ros.h:40[m[K,
                 from [01m[K/home/lattinone/Damiano/progetto/src/pose_handler/src/pose_handler_node.cpp:1[m[K:
[01m[K/home/lattinone/Damiano/progetto/src/pose_handler/src/pose_handler_node.cpp:[m[K In function ‘[01m[Kint main(int, char**)[m[K’:
[01m[K/home/lattinone/Damiano/progetto/src/pose_handler/src/pose_handler_node.cpp:228:53:[m[K [01;31m[Kerror: [m[K‘[01m[Klen[m[K’ was not declared in this scope
  228 |     ROS_INFO("### PATH FOUND, number of poses: %d", [01;31m[Klen[m[K(path));
      |                                                     [01;31m[K^~~[m[K
[01m[K/opt/ros/noetic/include/ros/console.h:351:165:[m[K [01;36m[Knote: [m[Kin definition of macro ‘[01m[KROSCONSOLE_PRINT_AT_LOCATION_WITH_FILTER[m[K’
  351 |     ::ros::console::print(filter, __rosconsole_define_location__loc.logger_, __rosconsole_define_location__loc.level_, __FILE__, __LINE__, __ROSCONSOLE_FUNCTION__, [01;36m[K__VA_ARGS__[m[K)
      |                                                                                                                                                                     [01;36m[K^~~~~~~~~~~[m[K
[01m[K/opt/ros/noetic/include/ros/console.h:390:7:[m[K [01;36m[Knote: [m[Kin expansion of macro ‘[01m[KROSCONSOLE_PRINT_AT_LOCATION[m[K’
  390 |       [01;36m[KROSCONSOLE_PRINT_AT_LOCATION[m[K(__VA_ARGS__); \
      |       [01;36m[K^~~~~~~~~~~~~~~~~~~~~~~~~~~~[m[K
[01m[K/opt/ros/noetic/include/ros/console.h:575:35:[m[K [01;36m[Knote: [m[Kin expansion of macro ‘[01m[KROS_LOG_COND[m[K’
  575 | #define ROS_LOG(level, name, ...) [01;36m[KROS_LOG_COND[m[K(true, level, name, __VA_ARGS__)
      |                                   [01;36m[K^~~~~~~~~~~~[m[K
[01m[K/opt/ros/noetic/include/rosconsole/macros_generated.h:110:23:[m[K [01;36m[Knote: [m[Kin expansion of macro ‘[01m[KROS_LOG[m[K’
  110 | #define ROS_INFO(...) [01;36m[KROS_LOG[m[K(::ros::console::levels::Info, ROSCONSOLE_DEFAULT_NAME, __VA_ARGS__)
      |                       [01;36m[K^~~~~~~[m[K
[01m[K/home/lattinone/Damiano/progetto/src/pose_handler/src/pose_handler_node.cpp:228:5:[m[K [01;36m[Knote: [m[Kin expansion of macro ‘[01m[KROS_INFO[m[K’
  228 |     [01;36m[KROS_INFO[m[K("### PATH FOUND, number of poses: %d", len(path));
      |     [01;36m[K^~~~~~~~[m[K
make[2]: *** [CMakeFiles/pose_handler_node.dir/build.make:63: CMakeFiles/pose_handler_node.dir/src/pose_handler_node.cpp.o] Error 1
make[1]: *** [CMakeFiles/Makefile2:170: CMakeFiles/pose_handler_node.dir/all] Error 2
make: *** [Makefile:141: all] Error 2
