In file included from [01m[K/opt/ros/noetic/include/ros/ros.h:40[m[K,
                 from [01m[K/home/lattinone/Damiano/progetto/src/pose_handler/src/pose_handler_node.cpp:1[m[K:
[01m[K/home/lattinone/Damiano/progetto/src/pose_handler/src/pose_handler_node.cpp:[m[K In function ‘[01m[Kstd::vector<geometry_msgs::PoseStamped_<std::allocator<void> > > findPath(double, double, double, double)[m[K’:
[01m[K/home/lattinone/Damiano/progetto/src/pose_handler/src/pose_handler_node.cpp:193:26:[m[K [01;35m[Kwarning: [m[Kformat ‘[01m[K%d[m[K’ expects argument of type ‘[01m[Kint[m[K’, but argument 8 has type ‘[01m[Kdouble[m[K’ [[01;35m[K-Wformat=[m[K]
  193 |                 ROS_INFO([01;35m[K"%d %d"[m[K, [32m[Kcurrent->x[m[K, current->y)
      |                          [01;35m[K^~~~~~~[m[K  [32m[K~~~~~~~~~~[m[K
      |                                            [32m[K|[m[K
      |                                            [32m[Kdouble[m[K
[01m[K/opt/ros/noetic/include/ros/console.h:351:165:[m[K [01;36m[Knote: [m[Kin definition of macro ‘[01m[KROSCONSOLE_PRINT_AT_LOCATION_WITH_FILTER[m[K’
  351 |     ::ros::console::print(filter, __rosconsole_define_location__loc.logger_, __rosconsole_define_location__loc.level_, __FILE__, __LINE__, __ROSCONSOLE_FUNCTION__, [01;36m[K__VA_ARGS__[m[K)
      |                                                                                                                                                                     [01;36m[K^~~~~~~~~~~[m[K
[01m[K/opt/ros/noetic/include/ros/console.h:390:7:[m[K [01;36m[Knote: [m[Kin expansion of macro ‘[01m[KROSCONSOLE_PRINT_AT_LOCATION[m[K’
  390 |       [01;36m[KROSCONSOLE_PRINT_AT_LOCATION[m[K(__VA_ARGS__); \
      |       [01;36m[K^~~~~~~~~~~~~~~~~~~~~~~~~~~~[m[K
[01m[K/opt/ros/noetic/include/ros/console.h:575:35:[m[K [01;36m[Knote: [m[Kin expansion of macro ‘[01m[KROS_LOG_COND[m[K’
  575 | #define ROS_LOG(level, name, ...) [01;36m[KROS_LOG_COND[m[K(true, level, name, __VA_ARGS__)
      |                                   [01;36m[K^~~~~~~~~~~~[m[K
[01m[K/opt/ros/noetic/include/rosconsole/macros_generated.h:110:23:[m[K [01;36m[Knote: [m[Kin expansion of macro ‘[01m[KROS_LOG[m[K’
  110 | #define ROS_INFO(...) [01;36m[KROS_LOG[m[K(::ros::console::levels::Info, ROSCONSOLE_DEFAULT_NAME, __VA_ARGS__)
      |                       [01;36m[K^~~~~~~[m[K
[01m[K/home/lattinone/Damiano/progetto/src/pose_handler/src/pose_handler_node.cpp:193:17:[m[K [01;36m[Knote: [m[Kin expansion of macro ‘[01m[KROS_INFO[m[K’
  193 |                 [01;36m[KROS_INFO[m[K("%d %d", current->x, current->y)
      |                 [01;36m[K^~~~~~~~[m[K
[01m[K/home/lattinone/Damiano/progetto/src/pose_handler/src/pose_handler_node.cpp:193:28:[m[K [01;36m[Knote: [m[Kformat string is defined here
  193 |                 ROS_INFO("[01;36m[K%d[m[K %d", current->x, current->y)
      |                           [01;36m[K~^[m[K
      |                            [01;36m[K|[m[K
      |                            [01;36m[Kint[m[K
      |                           [32m[K%f[m[K
In file included from [01m[K/opt/ros/noetic/include/ros/ros.h:40[m[K,
                 from [01m[K/home/lattinone/Damiano/progetto/src/pose_handler/src/pose_handler_node.cpp:1[m[K:
[01m[K/home/lattinone/Damiano/progetto/src/pose_handler/src/pose_handler_node.cpp:193:26:[m[K [01;35m[Kwarning: [m[Kformat ‘[01m[K%d[m[K’ expects argument of type ‘[01m[Kint[m[K’, but argument 9 has type ‘[01m[Kdouble[m[K’ [[01;35m[K-Wformat=[m[K]
  193 |                 ROS_INFO([01;35m[K"%d %d"[m[K, current->x, [32m[Kcurrent->y[m[K)
      |                          [01;35m[K^~~~~~~[m[K              [32m[K~~~~~~~~~~[m[K
      |                                                        [32m[K|[m[K
      |                                                        [32m[Kdouble[m[K
[01m[K/opt/ros/noetic/include/ros/console.h:351:165:[m[K [01;36m[Knote: [m[Kin definition of macro ‘[01m[KROSCONSOLE_PRINT_AT_LOCATION_WITH_FILTER[m[K’
  351 |     ::ros::console::print(filter, __rosconsole_define_location__loc.logger_, __rosconsole_define_location__loc.level_, __FILE__, __LINE__, __ROSCONSOLE_FUNCTION__, [01;36m[K__VA_ARGS__[m[K)
      |                                                                                                                                                                     [01;36m[K^~~~~~~~~~~[m[K
[01m[K/opt/ros/noetic/include/ros/console.h:390:7:[m[K [01;36m[Knote: [m[Kin expansion of macro ‘[01m[KROSCONSOLE_PRINT_AT_LOCATION[m[K’
  390 |       [01;36m[KROSCONSOLE_PRINT_AT_LOCATION[m[K(__VA_ARGS__); \
      |       [01;36m[K^~~~~~~~~~~~~~~~~~~~~~~~~~~~[m[K
[01m[K/opt/ros/noetic/include/ros/console.h:575:35:[m[K [01;36m[Knote: [m[Kin expansion of macro ‘[01m[KROS_LOG_COND[m[K’
  575 | #define ROS_LOG(level, name, ...) [01;36m[KROS_LOG_COND[m[K(true, level, name, __VA_ARGS__)
      |                                   [01;36m[K^~~~~~~~~~~~[m[K
[01m[K/opt/ros/noetic/include/rosconsole/macros_generated.h:110:23:[m[K [01;36m[Knote: [m[Kin expansion of macro ‘[01m[KROS_LOG[m[K’
  110 | #define ROS_INFO(...) [01;36m[KROS_LOG[m[K(::ros::console::levels::Info, ROSCONSOLE_DEFAULT_NAME, __VA_ARGS__)
      |                       [01;36m[K^~~~~~~[m[K
[01m[K/home/lattinone/Damiano/progetto/src/pose_handler/src/pose_handler_node.cpp:193:17:[m[K [01;36m[Knote: [m[Kin expansion of macro ‘[01m[KROS_INFO[m[K’
  193 |                 [01;36m[KROS_INFO[m[K("%d %d", current->x, current->y)
      |                 [01;36m[K^~~~~~~~[m[K
[01m[K/home/lattinone/Damiano/progetto/src/pose_handler/src/pose_handler_node.cpp:193:31:[m[K [01;36m[Knote: [m[Kformat string is defined here
  193 |                 ROS_INFO("%d [01;36m[K%d[m[K", current->x, current->y)
      |                              [01;36m[K~^[m[K
      |                               [01;36m[K|[m[K
      |                               [01;36m[Kint[m[K
      |                              [32m[K%f[m[K
[01m[K/home/lattinone/Damiano/progetto/src/pose_handler/src/pose_handler_node.cpp:196:17:[m[K [01;31m[Kerror: [m[Kexpected ‘[01m[K;[m[K’ before ‘[01m[Kif[m[K’
  196 |                 [01;31m[Kif[m[K (nx >= 0 && nx < global_map->info.width && ny >= 0 && ny < global_map->info.height)
      |                 [01;31m[K^~[m[K
make[2]: *** [CMakeFiles/pose_handler_node.dir/build.make:63: CMakeFiles/pose_handler_node.dir/src/pose_handler_node.cpp.o] Error 1
make[1]: *** [CMakeFiles/Makefile2:170: CMakeFiles/pose_handler_node.dir/all] Error 2
make: *** [Makefile:141: all] Error 2
